<?xml version="1.0" encoding="UTF-8"?>
<!-- Generated by org.testng.reporters.JUnitReportReporter -->
<testsuite hostname="LAPTOP-1U7H5F4V" failures="0" tests="3" name="TestCases.GM_Test_Cases" time="62.027" errors="0" timestamp="2021-04-30T10:23:57 EDT" skipped="0">
  <testcase classname="TestCases.GM_Test_Cases" name="GM_TC_001" time="26.973"/>
  <system-out/>
  <testcase classname="TestCases.GM_Test_Cases" name="GM_TC_002" time="17.908"/>
  <system-out/>
  <testcase classname="TestCases.GM_Test_Cases" name="GM_TC_003" time="17.146"/>
  <system-out/>
</testsuite> <!-- TestCases.GM_Test_Cases -->
